<?xml version="1.0" encoding="UTF-8"?>
<!-- Generated by org.testng.reporters.JUnitReportReporter -->
<testsuite hostname="DESKTOP-LDM8NKK" failures="0" tests="3" name="com.herokuapp.internetapp.LoginScreenTests" time="50.386" errors="0" timestamp="2023-11-16T17:26:46 IST" skipped="0">
  <testcase classname="com.herokuapp.internetapp.LoginScreenTests" name="positiveLoginTest" time="23.718"/>
  <system-out/>
  <testcase classname="com.herokuapp.internetapp.LoginScreenTests" name="negativeLoginTests" time="13.196"/>
  <system-out/>
  <testcase classname="com.herokuapp.internetapp.LoginScreenTests" name="negativeLoginTests" time="13.472"/>
  <system-out/>
</testsuite> <!-- com.herokuapp.internetapp.LoginScreenTests -->
