<?xml version="1.0" encoding="UTF-8"?>
<!-- Generated by org.testng.reporters.JUnitReportReporter -->
<testsuite hostname="DESKTOP-LDM8NKK" failures="0" tests="2" name="com.herokuapp.internetapp.NegativeTests" time="23.747" errors="0" timestamp="2023-10-27T16:34:25 IST" skipped="0">
  <testcase classname="com.herokuapp.internetapp.NegativeTests" name="incorrectUserName" time="11.642"/>
  <system-out/>
  <testcase classname="com.herokuapp.internetapp.NegativeTests" name="incorrectUserName" time="12.105"/>
  <system-out/>
</testsuite> <!-- com.herokuapp.internetapp.NegativeTests -->
