<?xml version="1.0" encoding="UTF-8"?>
<!-- Generated by org.testng.reporters.JUnitReportReporter -->
<testsuite hostname="DESKTOP-LDM8NKK" failures="0" tests="1" name="com.herokuapp.internetapp.PositiveTests" time="17.699" errors="0" timestamp="2023-10-27T12:49:19 IST" skipped="0">
  <testcase classname="com.herokuapp.internetapp.PositiveTests" name="loginTest" time="17.699"/>
  <system-out/>
</testsuite> <!-- com.herokuapp.internetapp.PositiveTests -->
