<?xml version="1.0" encoding="UTF-8"?>
<!-- Generated by org.testng.reporters.JUnitReportReporter -->
<testsuite hostname="DESKTOP-LDM8NKK" failures="0" tests="1" name="com.orangehrm.udemy.ParallelTest2" time="15.804" errors="0" timestamp="2023-11-01T17:04:20 IST" skipped="0">
  <testcase classname="com.orangehrm.udemy.ParallelTest2" name="loginTest" time="15.804"/>
  <system-out/>
</testsuite> <!-- com.orangehrm.udemy.ParallelTest2 -->
