<?xml version="1.0" encoding="UTF-8"?>
<!-- Generated by org.testng.reporters.JUnitReportReporter -->
<testsuite hostname="DESKTOP-LDM8NKK" failures="0" tests="2" name="com.herokuapp.internetapp.DataProviderExample" time="0.009" errors="0" timestamp="2023-11-03T15:03:16 IST" skipped="0">
  <testcase classname="com.herokuapp.internetapp.DataProviderExample" name="loginDetails" time="0.003"/>
  <system-out/>
  <testcase classname="com.herokuapp.internetapp.DataProviderExample" name="loginDetails" time="0.006"/>
  <system-out/>
</testsuite> <!-- com.herokuapp.internetapp.DataProviderExample -->
