<?xml version="1.0" encoding="UTF-8"?>
<!-- Generated by org.testng.reporters.JUnitReportReporter -->
<testsuite hostname="DESKTOP-LDM8NKK" failures="0" tests="2" name="com.orangehrm.udemy.ParallelTest1" time="40.855" errors="0" timestamp="2023-11-02T18:24:46 IST" skipped="0">
  <testcase classname="com.orangehrm.udemy.ParallelTest1" name="logoTest" time="26.035"/>
  <system-out/>
  <testcase classname="com.orangehrm.udemy.ParallelTest1" name="homePageTitle" time="14.820"/>
  <system-out/>
</testsuite> <!-- com.orangehrm.udemy.ParallelTest1 -->
