<?xml version="1.0" encoding="UTF-8"?>
<!-- Generated by org.testng.reporters.JUnitReportReporter -->
<testsuite hostname="DESKTOP-LDM8NKK" failures="0" tests="1" name="com.herokuapp.internetapp.ExceptionHandlingTest" time="9.715" errors="0" timestamp="2023-11-16T19:35:30 IST" skipped="0">
  <testcase classname="com.herokuapp.internetapp.ExceptionHandlingTest" name="invalidElementStateException" time="9.715"/>
</testsuite> <!-- com.herokuapp.internetapp.ExceptionHandlingTest -->
